[07/Dec/2023:20:54:16 +0000] POST /users/register 201 - 278.581 ms
[07/Dec/2023:20:54:47 +0000] POST /users/register 400 - 4.299 ms
[07/Dec/2023:20:55:46 +0000] POST /users/register 400 - 184.961 ms
[07/Dec/2023:20:57:58 +0000] POST /users/register 409 - 94.665 ms
[07/Dec/2023:21:02:34 +0000] POST /users/register 409 - 119.149 ms
[07/Dec/2023:21:02:38 +0000] POST /users/register 400 - 15.831 ms
[07/Dec/2023:21:03:01 +0000] POST /users/register 400 - 3.209 ms
[07/Dec/2023:21:03:10 +0000] POST /users/register 400 - 1.782 ms
[07/Dec/2023:21:03:19 +0000] POST /users/register 400 - 1.818 ms
[07/Dec/2023:21:03:57 +0000] POST /users/register 409 - 57.122 ms
[07/Dec/2023:21:04:16 +0000] POST /users/register 409 - 91.805 ms
[07/Dec/2023:21:05:35 +0000] POST /users/register 409 - 116.928 ms
[07/Dec/2023:21:05:40 +0000] POST /users/register 400 - 3.701 ms
[07/Dec/2023:21:05:55 +0000] POST /users/register 400 - 1.911 ms
[07/Dec/2023:21:08:47 +0000] POST /users/register 409 - 56.993 ms
[07/Dec/2023:21:09:00 +0000] POST /users/register 409 - 89.957 ms
[07/Dec/2023:21:11:35 +0000] POST /users/register 409 - 101.569 ms
[07/Dec/2023:21:11:39 +0000] POST /users/register 400 - 4.253 ms
[07/Dec/2023:21:12:02 +0000] POST /users/register 400 - 183.864 ms
[07/Dec/2023:21:13:18 +0000] POST /users/register 400 - 27.237 ms
[07/Dec/2023:21:13:42 +0000] POST /users/register 400 - 26.319 ms
[07/Dec/2023:21:13:43 +0000] POST /users/register 400 - 2.541 ms
[07/Dec/2023:21:14:44 +0000] POST /users/register 409 - 95.991 ms
[07/Dec/2023:21:14:55 +0000] POST /users/register 409 - 122.093 ms
[07/Dec/2023:21:15:02 +0000] POST /users/register 400 - 4.390 ms
[07/Dec/2023:21:21:49 +0000] POST /users/register 409 - 56.028 ms
[07/Dec/2023:21:21:54 +0000] POST /users/register 400 - 1.263 ms
[07/Dec/2023:21:26:30 +0000] POST /users/register 400 - 23.601 ms
[07/Dec/2023:21:27:00 +0000] POST /users/register 400 - 23.737 ms
[07/Dec/2023:21:27:01 +0000] POST /users/register 400 - 2.149 ms
[07/Dec/2023:21:27:02 +0000] POST /users/register 400 - 1.413 ms
[07/Dec/2023:21:27:54 +0000] POST /users/register 400 - 23.698 ms
[07/Dec/2023:21:28:22 +0000] POST /users/register 400 - 22.071 ms
[07/Dec/2023:21:28:30 +0000] POST /users/register 400 - 3.302 ms
[07/Dec/2023:21:29:38 +0000] POST /users/register 400 - 20.748 ms
[07/Dec/2023:21:29:40 +0000] POST /users/register 400 - 1.548 ms
[07/Dec/2023:21:29:54 +0000] POST /users/register 400 - 1.737 ms
[07/Dec/2023:21:30:07 +0000] POST /users/register 400 - 1.046 ms
[07/Dec/2023:21:30:09 +0000] POST /users/register 400 - 1.232 ms
[07/Dec/2023:21:30:45 +0000] POST /users/register 409 - 94.784 ms
[07/Dec/2023:21:30:49 +0000] POST /users/register 400 - 3.654 ms
[07/Dec/2023:21:30:59 +0000] POST /users/register 201 - 255.086 ms
[07/Dec/2023:21:31:07 +0000] POST /users/register 409 - 57.914 ms
[07/Dec/2023:21:32:09 +0000] POST /users/register 400 - 26.297 ms
[07/Dec/2023:21:32:19 +0000] POST /users/register 201 - 313.383 ms
[07/Dec/2023:21:32:28 +0000] POST /users/register 400 - 2.445 ms
[07/Dec/2023:21:32:41 +0000] POST /users/register 400 - 2.068 ms
[07/Dec/2023:21:33:54 +0000] POST /users/register 400 - 1.324 ms
[07/Dec/2023:21:33:59 +0000] POST /users/register 400 - 1.818 ms
[07/Dec/2023:21:34:22 +0000] POST /users/register 400 - 1.630 ms
[07/Dec/2023:21:42:17 +0000] POST /users/register 409 - 110.707 ms
[07/Dec/2023:21:43:28 +0000] POST /users/register 409 - 93.239 ms
[07/Dec/2023:21:44:19 +0000] POST /users/register 409 - 88.663 ms
[07/Dec/2023:21:52:08 +0000] POST /users/login 401 - 171.872 ms
[07/Dec/2023:21:52:37 +0000] POST /users/login 500 - 173.685 ms
[07/Dec/2023:21:54:35 +0000] POST /users/login 500 - 171.009 ms
[07/Dec/2023:21:55:45 +0000] POST /users/login 200 - 316.419 ms
[07/Dec/2023:21:58:19 +0000] POST /users/login 401 - 191.231 ms
[07/Dec/2023:21:58:26 +0000] POST /users/login 401 - 55.551 ms
[07/Dec/2023:21:58:32 +0000] POST /users/login 400 - 1.786 ms
[07/Dec/2023:21:58:38 +0000] POST /users/login 400 - 3.882 ms
[07/Dec/2023:21:58:47 +0000] POST /users/login 400 - 2.008 ms
[07/Dec/2023:22:00:43 +0000] POST /users/login 400 - 24.990 ms
[07/Dec/2023:22:04:45 +0000] POST /users/login 400 - 24.723 ms
[07/Dec/2023:22:04:51 +0000] POST /users/login 400 - 2.421 ms
[07/Dec/2023:22:05:21 +0000] POST /users/login 400 - 1.065 ms
[07/Dec/2023:22:05:57 +0000] POST /users/login 400 - 2.329 ms
[07/Dec/2023:22:06:01 +0000] POST /users/login 200 - 253.418 ms
[07/Dec/2023:22:06:06 +0000] POST /users/login 400 - 1.536 ms
[07/Dec/2023:22:06:21 +0000] POST /users/login 500 - 82.141 ms
[07/Dec/2023:22:06:36 +0000] POST /users/login 200 - 234.417 ms
[07/Dec/2023:22:07:33 +0000] POST /users/login 400 - 1.449 ms
[07/Dec/2023:22:07:43 +0000] POST /users/login 400 - 1.424 ms
[07/Dec/2023:22:08:02 +0000] POST /users/login 401 - 140.808 ms
[07/Dec/2023:22:08:08 +0000] POST /users/login 500 - 57.983 ms
[07/Dec/2023:22:08:17 +0000] POST /users/login 200 - 208.274 ms
[07/Dec/2023:22:08:23 +0000] POST /users/login 500 - 55.858 ms
[07/Dec/2023:22:09:09 +0000] POST /users/login 500 - 60.255 ms
[07/Dec/2023:22:09:21 +0000] POST /users/login 200 - 222.929 ms
[07/Dec/2023:22:09:25 +0000] POST /users/login 401 - 138.246 ms
[07/Dec/2023:22:09:29 +0000] POST /users/login 200 - 207.639 ms
[07/Dec/2023:22:09:33 +0000] POST /users/login 500 - 66.695 ms
[07/Dec/2023:22:11:45 +0000] POST /users/login 401 - 117.795 ms
[07/Dec/2023:22:15:33 +0000] POST /users/login 401 - 85.666 ms
[07/Dec/2023:22:15:37 +0000] POST /users/login 200 - 266.102 ms
[07/Dec/2023:22:18:15 +0000] POST /users/login 200 - 231.161 ms
[07/Dec/2023:22:19:29 +0000] POST /users/login 200 - 180.401 ms
[07/Dec/2023:22:19:30 +0000] POST /users/login 200 - 142.138 ms
[08/Dec/2023:09:40:56 +0000] GET /api/contacts/ 200 - 109.235 ms
[08/Dec/2023:09:41:13 +0000] GET /api/contacts/65648a090666ab15b15fd32b 404 - 83.058 ms
[08/Dec/2023:09:41:26 +0000] GET /api/contacts/6569b042484042d5f1326e6c 200 - 81.864 ms
[08/Dec/2023:09:42:30 +0000] POST /api/contacts/ 400 - 80.567 ms
[08/Dec/2023:09:42:46 +0000] POST /api/contacts/ 400 - 1.558 ms
[08/Dec/2023:09:42:52 +0000] POST /api/contacts/ 201 - 98.891 ms
[08/Dec/2023:09:57:14 +0000] PATCH /api/contacts/65648a090666ab15b15fd328/favorite 404 - 73.727 ms
[08/Dec/2023:09:57:20 +0000] PATCH /api/contacts/65648a090666ab15b15fd328/favorite 404 - 71.916 ms
[08/Dec/2023:09:57:52 +0000] PATCH /api/contacts/65648a090666ab15b15fd328/favorite 404 - 61.059 ms
[08/Dec/2023:09:58:04 +0000] PATCH /api/contacts/6572e51cf7c72003c432b4e6/favorite 200 - 78.679 ms
[08/Dec/2023:09:59:19 +0000] PUT /api/contacts/6572e51cf7c72003c432b4e6 400 - 2.655 ms
[08/Dec/2023:09:59:48 +0000] GET /api/contacts/ 200 - 57.583 ms
[08/Dec/2023:10:00:27 +0000] PUT /api/contacts/6572e51cf7c72003c432b4e6 200 - 84.809 ms
[08/Dec/2023:10:01:16 +0000] PUT /api/contacts/6572e51cf7c72003c432b4e6 400 - 1.186 ms
[08/Dec/2023:10:01:24 +0000] PUT /api/contacts/6572e51cf7c72003c432b4e6 400 - 1.277 ms
[08/Dec/2023:10:01:37 +0000] PUT /api/contacts/6572e51cf7c72003c432b4e6 200 - 76.191 ms
[08/Dec/2023:10:05:04 +0000] DELETE /api/contacts/6569b0512f7d46b919e8a057 200 - 75.976 ms
[08/Dec/2023:10:07:09 +0000] POST /users/register 201 - 268.288 ms
[08/Dec/2023:10:08:11 +0000] GET /users/login 404 - 1.509 ms
[08/Dec/2023:10:08:34 +0000] POST /users/login 200 - 259.409 ms
[08/Dec/2023:10:17:59 +0000] GET /api/contacts/ 200 - 73.011 ms
[08/Dec/2023:10:18:26 +0000] GET /api/contacts/ 200 - 56.116 ms
[08/Dec/2023:10:19:17 +0000] GET /api/contacts/ 200 - 55.218 ms
[08/Dec/2023:10:19:32 +0000] GET /api/contacts/6572e51cf7c72003c432b4e6 200 - 57.519 ms
[08/Dec/2023:10:20:43 +0000] POST /api/contacts/ 400 - 2.057 ms
[08/Dec/2023:10:20:49 +0000] POST /api/contacts/ 201 - 82.352 ms
[08/Dec/2023:10:21:38 +0000] PUT /api/contacts/6572e51cf7c72003c432b4e6 200 - 89.220 ms
[08/Dec/2023:10:22:34 +0000] PUT /api/contacts/6572e51cf7c72003c432b4e6 200 - 82.790 ms
[08/Dec/2023:10:23:31 +0000] PATCH /api/contacts/6572e51cf7c72003c432b4e6/favorite 200 - 72.405 ms
[08/Dec/2023:10:24:03 +0000] DELETE /api/contacts/6572e51cf7c72003c432b4e6 200 - 73.347 ms
[08/Dec/2023:10:24:41 +0000] POST /users/register 201 - 229.338 ms
[08/Dec/2023:10:25:11 +0000] POST /users/login 200 - 217.878 ms
[08/Dec/2023:11:39:08 +0000] GET /api/contacts/ 200 - 89.428 ms
[08/Dec/2023:11:46:32 +0000] GET /api/contacts/ 401 - 10.129 ms
[08/Dec/2023:11:46:47 +0000] POST /users/login 200 - 315.979 ms
[08/Dec/2023:11:46:52 +0000] GET /api/contacts/ 401 - 3.300 ms
[08/Dec/2023:11:47:07 +0000] GET /api/contacts/ 200 - 148.337 ms
[08/Dec/2023:11:51:47 +0000] GET /api/contacts/ 401 - 0.543 ms
[08/Dec/2023:11:51:55 +0000] GET /api/contacts/ 401 - 0.712 ms
[08/Dec/2023:11:51:59 +0000] GET /api/contacts/ 200 - 114.509 ms
[08/Dec/2023:11:53:00 +0000] GET /api/contacts/ 401 - 0.559 ms
[08/Dec/2023:11:53:07 +0000] GET /api/contacts/ 200 - 117.893 ms
[08/Dec/2023:11:59:49 +0000] GET /api/contacts/ 200 - 143.922 ms
[08/Dec/2023:12:02:33 +0000] POST /api/contacts/ 401 - 1.238 ms
[08/Dec/2023:12:03:35 +0000] POST /users/login 200 - 222.706 ms
[08/Dec/2023:12:03:48 +0000] POST /api/contacts/ 401 - 1.130 ms
[08/Dec/2023:12:03:53 +0000] POST /api/contacts/ 401 - 65.001 ms
[08/Dec/2023:12:04:22 +0000] POST /users/login 200 - 228.256 ms
[08/Dec/2023:12:04:37 +0000] POST /api/contacts/ 401 - 56.301 ms
[08/Dec/2023:12:05:03 +0000] GET /api/contacts/ 401 - 61.490 ms
[08/Dec/2023:12:05:23 +0000] POST /users/login 200 - 246.578 ms
[08/Dec/2023:12:05:42 +0000] GET /api/contacts/ 200 - 126.997 ms
[08/Dec/2023:12:05:53 +0000] POST /api/contacts/ 401 - 70.357 ms
[08/Dec/2023:12:06:01 +0000] POST /api/contacts/ 201 - 266.546 ms
[08/Dec/2023:12:08:35 +0000] GET /api/contacts/ 500 - 91.251 ms
[08/Dec/2023:12:09:24 +0000] GET /api/contacts/ 200 - 166.226 ms
[08/Dec/2023:12:17:13 +0000] POST /api/contacts/ 201 - 211.895 ms
[08/Dec/2023:12:20:44 +0000] POST /api/contacts/ 201 - 219.995 ms
[08/Dec/2023:12:30:37 +0000] GET /api/contacts/ 200 - 216.173 ms
[08/Dec/2023:12:31:42 +0000] POST /users/login 200 - 227.257 ms
[08/Dec/2023:12:31:59 +0000] GET /api/contacts/ 200 - 107.686 ms
[08/Dec/2023:12:33:30 +0000] POST /users/login 200 - 256.121 ms
[08/Dec/2023:12:33:42 +0000] GET /api/contacts/ 200 - 173.890 ms
[08/Dec/2023:12:33:57 +0000] POST /api/contacts/ 401 - 72.665 ms
[08/Dec/2023:12:34:05 +0000] POST /api/contacts/ 201 - 180.634 ms
[08/Dec/2023:12:34:11 +0000] GET /api/contacts/ 200 - 176.492 ms
[08/Dec/2023:12:34:26 +0000] GET /api/contacts/65730a1c0d95021a4f5bdac9 401 - 1.113 ms
[08/Dec/2023:12:34:45 +0000] GET /api/contacts/65730a1c0d95021a4f5bdac9 401 - 0.657 ms
[08/Dec/2023:12:35:01 +0000] GET /api/contacts/65730a1c0d95021a4f5bdac9 200 - 138.623 ms
[08/Dec/2023:12:39:19 +0000] GET /api/contacts/ 500 - 147.141 ms
[08/Dec/2023:12:39:47 +0000] GET /api/contacts/ 500 - 155.216 ms
[08/Dec/2023:12:40:44 +0000] GET /api/contacts/ 200 - 271.811 ms
[08/Dec/2023:12:41:33 +0000] GET /api/contacts/ 200 - 222.760 ms
[08/Dec/2023:12:43:14 +0000] GET /api/contacts/ 200 - 308.776 ms
[08/Dec/2023:12:46:25 +0000] GET /api/contacts/ 200 - 273.864 ms
[08/Dec/2023:12:47:27 +0000] POST /api/contacts/ 201 - 188.819 ms
[08/Dec/2023:12:49:35 +0000] GET /api/contacts/ 200 - 175.254 ms
[08/Dec/2023:12:53:06 +0000] GET /api/contacts/ 200 - 199.161 ms
[08/Dec/2023:12:53:19 +0000] GET /api/contacts/ 200 - 221.782 ms
[08/Dec/2023:12:54:20 +0000] GET /api/contacts/?page=2&limit=2 200 - 184.605 ms
[08/Dec/2023:12:54:30 +0000] GET /api/contacts/ 200 - 197.408 ms
[08/Dec/2023:12:56:06 +0000] GET /api/contacts/?page=1&limit=2 200 - 286.653 ms
[08/Dec/2023:12:56:15 +0000] GET /api/contacts/?page=1&limit=10 200 - 198.961 ms
[08/Dec/2023:12:56:20 +0000] GET /api/contacts/?page=2&limit=10 200 - 114.966 ms
[08/Dec/2023:12:56:24 +0000] GET /api/contacts/?page=1&limit=10 200 - 181.093 ms
[08/Dec/2023:13:03:21 +0000] GET /users/current 200 - 98.380 ms
[08/Dec/2023:13:03:53 +0000] GET /users/current 200 - 59.218 ms
[08/Dec/2023:13:03:59 +0000] GET /users/current 401 - 2.075 ms
[08/Dec/2023:13:04:03 +0000] GET /users/current 200 - 64.536 ms
[08/Dec/2023:13:06:16 +0000] GET /api/contacts/?page=1&limit=10 200 - 219.500 ms
[08/Dec/2023:13:06:27 +0000] GET /api/contacts/?page=2&limit=2 200 - 169.996 ms
[08/Dec/2023:13:16:12 +0000] POST /users/logout 200 - 226.989 ms
[08/Dec/2023:13:21:20 +0000] POST /users/login 200 - 307.181 ms
[08/Dec/2023:13:21:35 +0000] POST /users/logout 204 - 146.742 ms
[08/Dec/2023:13:25:23 +0000] GET /api/contacts/?page=2&limit=2 401 - 96.545 ms
[08/Dec/2023:13:25:30 +0000] GET /api/contacts/?page=2&limit=2 401 - 66.415 ms
[08/Dec/2023:13:25:49 +0000] GET /api/contacts/?page=2&limit=2 401 - 59.848 ms
[08/Dec/2023:13:25:52 +0000] GET /api/contacts/?page=2&limit=2 401 - 57.954 ms
[08/Dec/2023:13:25:56 +0000] GET /api/contacts/?page=2&limit=2 401 - 66.896 ms
[08/Dec/2023:13:26:08 +0000] POST /users/login 200 - 239.077 ms
[08/Dec/2023:13:26:19 +0000] GET /api/contacts/?page=2&limit=2 200 - 199.107 ms
[08/Dec/2023:13:27:09 +0000] GET /api/contacts/?page=2&limit=2 200 - 263.122 ms
[08/Dec/2023:13:27:40 +0000] GET /api/contacts/?page=2&limit=2 500 - 201.177 ms
[08/Dec/2023:13:30:26 +0000] GET /api/contacts/?page=2&limit=2 200 - 238.446 ms
[08/Dec/2023:13:30:54 +0000] GET /api/contacts/?page=2&limit=2 200 - 267.070 ms
[08/Dec/2023:13:31:25 +0000] GET /api/contacts/?page=2&limit=2 200 - 194.656 ms
[08/Dec/2023:13:31:48 +0000] GET /api/contacts/?page=2&limit=2 500 - 193.144 ms
[08/Dec/2023:13:32:05 +0000] GET /api/contacts/?page=2&limit=2 200 - 251.834 ms
[08/Dec/2023:13:32:29 +0000] GET /api/contacts/?page=2&limit=2 200 - 223.289 ms
[08/Dec/2023:13:32:59 +0000] GET /api/contacts/?page=2&limit=2 200 - 215.000 ms
[08/Dec/2023:13:33:04 +0000] GET /api/contacts/ 200 - 214.397 ms
[08/Dec/2023:13:33:18 +0000] GET /api/contacts/?page=1&limit=2 200 - 197.170 ms
[08/Dec/2023:13:33:41 +0000] GET /api/contacts/?page=1&limit=2 500 - 226.939 ms
[08/Dec/2023:13:33:55 +0000] GET /api/contacts/?page=1&limit=2 200 - 270.456 ms
[08/Dec/2023:13:34:06 +0000] GET /api/contacts/?page=1&limit=2 200 - 241.224 ms
[08/Dec/2023:13:34:28 +0000] GET /api/contacts/?page=1&limit=2 200 - 201.857 ms
[08/Dec/2023:13:36:09 +0000] GET /api/contacts/?page=1&limit=2 200 - 204.575 ms
[08/Dec/2023:13:36:51 +0000] GET /api/contacts/?page=1&limit=1 200 - 165.402 ms
[08/Dec/2023:13:36:58 +0000] GET /api/contacts/?page=1&limit=5 200 - 177.179 ms
[08/Dec/2023:13:37:08 +0000] GET /api/contacts/?page=1&limit=2 200 - 183.408 ms
[08/Dec/2023:13:37:15 +0000] GET /api/contacts/?page=2&limit=2 200 - 189.257 ms
[08/Dec/2023:13:39:03 +0000] GET /api/contacts/?page=2&limit=2 200 - 228.162 ms
[08/Dec/2023:13:39:08 +0000] GET /api/contacts/?page=2&limit=20 200 - 117.789 ms
[08/Dec/2023:13:39:19 +0000] GET /api/contacts/?page=1&limit=20 200 - 192.781 ms
[08/Dec/2023:13:40:54 +0000] GET /api/contacts/?page=1&limit=20 200 - 247.898 ms
[08/Dec/2023:13:41:40 +0000] GET /api/contacts/?page=2&limit=20 200 - 123.833 ms
[08/Dec/2023:13:41:48 +0000] GET /api/contacts/?page=1&limit=20 200 - 174.460 ms
[08/Dec/2023:13:43:10 +0000] GET /api/contacts/?page=1&limit=20 200 - 237.626 ms
[08/Dec/2023:13:46:49 +0000] GET /users/current 401 - 91.598 ms
[08/Dec/2023:13:46:55 +0000] POST /users/login 200 - 244.091 ms
[08/Dec/2023:13:47:08 +0000] GET /users/current 200 - 55.128 ms
[08/Dec/2023:14:56:30 +0000] GET /users/current 200 - 77.232 ms
[08/Dec/2023:14:57:01 +0000] POST /users/login 200 - 312.318 ms
[08/Dec/2023:14:57:55 +0000] PATCH /users/ 201 - 151.957 ms
[08/Dec/2023:15:00:11 +0000] PATCH /users/ 201 - 177.047 ms
[08/Dec/2023:15:00:38 +0000] PATCH /users/ 201 - 134.624 ms
[08/Dec/2023:15:00:44 +0000] PATCH /users/ 201 - 134.039 ms
[08/Dec/2023:15:00:56 +0000] PATCH /users/ 201 - 142.653 ms
[08/Dec/2023:15:01:07 +0000] PATCH /users/ 201 - 155.354 ms
[08/Dec/2023:15:02:46 +0000] PATCH /api/contacts/6572e51cf7c72003c432b4e6/favorite 401 - 1.745 ms
[08/Dec/2023:15:03:08 +0000] PATCH /api/contacts/6572e51cf7c72003c432b4e6/favorite 404 - 123.531 ms
[08/Dec/2023:15:03:18 +0000] PATCH /api/contacts/6572e51cf7c72003c432b4e6/favorite 404 - 111.871 ms
[08/Dec/2023:15:03:24 +0000] PATCH /api/contacts/6572e51cf7c72003c432b4e6/favorite 400 - 2.273 ms
[08/Dec/2023:15:03:28 +0000] PATCH /api/contacts/6572e51cf7c72003c432b4e6/favorite 404 - 115.939 ms
[08/Dec/2023:15:04:17 +0000] PATCH /api/contacts/657230f71a049f93ec859551/favorite 404 - 144.226 ms
[08/Dec/2023:15:04:22 +0000] PATCH /api/contacts/657230f71a049f93ec859551/favorite 404 - 127.810 ms
[08/Dec/2023:15:05:29 +0000] PATCH /api/contacts/6569b042484042d5f1326e6c/favorite 200 - 142.706 ms
[08/Dec/2023:15:05:51 +0000] POST /users/register 409 - 57.557 ms
[08/Dec/2023:15:06:03 +0000] GET /api/contacts/?page=1&limit=20 401 - 56.326 ms
[08/Dec/2023:15:06:20 +0000] GET /api/contacts/?page=1&limit=20 200 - 209.419 ms
[08/Dec/2023:15:06:40 +0000] PATCH /api/contacts/6569b042484042d5f1326e6c/favorite 200 - 134.624 ms
[08/Dec/2023:15:06:45 +0000] PATCH /api/contacts/6569b042484042d5f1326e6c/favorite 400 - 74.381 ms
[08/Dec/2023:15:06:51 +0000] PATCH /api/contacts/6569b042484042d5f1326e6c/favorite 400 - 66.778 ms
[08/Dec/2023:15:06:56 +0000] PATCH /api/contacts/6569b042484042d5f1326e6c/favorite 200 - 130.884 ms
[08/Dec/2023:15:07:01 +0000] PATCH /api/contacts/6569b042484042d5f1326e6c/favorite 200 - 210.504 ms
[08/Dec/2023:15:07:05 +0000] PATCH /api/contacts/6569b042484042d5f1326e6c/favorite 400 - 58.813 ms
[08/Dec/2023:15:07:09 +0000] PATCH /api/contacts/6569b042484042d5f1326e6c/favorite 200 - 132.388 ms
[08/Dec/2023:15:12:34 +0000] PATCH /users/ 500 - 103.933 ms
[08/Dec/2023:15:12:46 +0000] PATCH /users/ 500 - 58.690 ms
[08/Dec/2023:15:13:42 +0000] PATCH /users/ 400 - 97.226 ms
[08/Dec/2023:15:14:08 +0000] PATCH /users/ 201 - 216.489 ms
[08/Dec/2023:15:14:13 +0000] PATCH /users/ 400 - 61.590 ms
[08/Dec/2023:15:14:26 +0000] PATCH /users/ 201 - 158.468 ms
[08/Dec/2023:15:14:32 +0000] PATCH /users/ 201 - 128.512 ms
[08/Dec/2023:15:14:36 +0000] PATCH /users/ 400 - 61.288 ms
[08/Dec/2023:15:14:39 +0000] PATCH /users/ 201 - 127.600 ms
[08/Dec/2023:15:18:22 +0000] PATCH /users/ 201 - 183.938 ms
[08/Dec/2023:15:18:48 +0000] PATCH /users/ 400 - 2.934 ms
[08/Dec/2023:15:18:54 +0000] PATCH /users/ 400 - 62.625 ms
[08/Dec/2023:15:18:59 +0000] PATCH /users/ 400 - 1.063 ms
[08/Dec/2023:15:19:04 +0000] PATCH /users/ 201 - 136.397 ms
[08/Dec/2023:15:23:13 +0000] GET /api/contacts/?page=1&limit=20 200 - 182.073 ms
[08/Dec/2023:15:23:30 +0000] PATCH /api/contacts/6569b042484042d5f1326e6c/favorite 200 - 136.716 ms
[08/Dec/2023:15:23:42 +0000] GET /api/contacts/?page=1&limit=20 200 - 168.828 ms
[08/Dec/2023:15:24:17 +0000] PATCH /api/contacts/6573105ffd8661be6dae0704/favorite 200 - 130.997 ms
[08/Dec/2023:15:36:36 +0000] GET /api/contacts/?page=1&limit=20 200 - 222.051 ms
[08/Dec/2023:15:36:49 +0000] GET /api/contacts/?page=1&limit=20 200 - 188.668 ms
[08/Dec/2023:15:37:37 +0000] GET /api/contacts/?page=1&limit=20 200 - 216.964 ms
[08/Dec/2023:15:41:36 +0000] GET /api/contacts/?page=1&limit=20 200 - 399.418 ms
[09/Dec/2023:11:03:21 +0000] POST /users/login 200 - 382.497 ms
[09/Dec/2023:11:03:41 +0000] GET /api/contacts/?page=1&limit=20 401 - 5.024 ms
[09/Dec/2023:11:03:49 +0000] GET /api/contacts/?page=1&limit=20 200 - 193.570 ms
[09/Dec/2023:11:04:10 +0000] GET /api/contacts/?page=1&limit=20 200 - 173.710 ms
[09/Dec/2023:11:05:01 +0000] GET /api/contacts/?page=1&limit=20&favorite=false 200 - 219.347 ms
[09/Dec/2023:11:09:39 +0000] GET /api/contacts/?page=1&limit=20&favorite=true 500 - 87.536 ms
[09/Dec/2023:11:10:07 +0000] GET /api/contacts/?page=1&limit=20&favorite=true 200 - 235.894 ms
[09/Dec/2023:11:11:12 +0000] GET /api/contacts/?page=1&limit=20&favorite=true 200 - 194.990 ms
[09/Dec/2023:11:12:07 +0000] GET /api/contacts/?page=1&limit=20&favorite=true 200 - 207.888 ms
[09/Dec/2023:11:12:46 +0000] GET /api/contacts/?page=1&limit=20&favorite=true 200 - 172.888 ms
[09/Dec/2023:11:12:51 +0000] GET /api/contacts/?page=1&limit=20&favorite=true 200 - 181.984 ms
[09/Dec/2023:11:14:45 +0000] GET /api/contacts/?page=1&limit=20&favorite=true 500 - 81.382 ms
[09/Dec/2023:11:15:51 +0000] GET /api/contacts/?page=1&limit=20&favorite=true 200 - 233.233 ms
[09/Dec/2023:11:16:22 +0000] GET /api/contacts/?page=1&limit=20&favorite=true 200 - 217.938 ms
[09/Dec/2023:11:17:15 +0000] GET /api/contacts/?page=1&limit=20&favorite=true 200 - 271.850 ms
[09/Dec/2023:11:17:23 +0000] GET /api/contacts/?page=1&limit=20&favorite=true 200 - 188.187 ms
[09/Dec/2023:11:17:30 +0000] GET /api/contacts/?page=1&limit=20&favorite=false 200 - 191.370 ms
[09/Dec/2023:11:17:52 +0000] GET /api/contacts/?page=1&limit=20&favorite=false 200 - 205.641 ms
[09/Dec/2023:11:21:22 +0000] GET /api/contacts/?page=1&limit=20&favorite=false 200 - 203.684 ms
[09/Dec/2023:11:21:33 +0000] GET /api/contacts/?page=1&limit=20&favorite=false 200 - 233.012 ms
[09/Dec/2023:11:22:35 +0000] GET /api/contacts/?page=1&limit=20&favorite=false 200 - 151.656 ms
[12/Dec/2023:19:11:49 +0000] POST /users/register 201 - 348.468 ms
[12/Dec/2023:19:17:59 +0000] POST /users/login 200 - 275.365 ms
[12/Dec/2023:19:24:59 +0000] PATCH /users/avatars 200 - 217.982 ms
[12/Dec/2023:19:29:02 +0000] POST /users/login 200 - 258.312 ms
[12/Dec/2023:19:29:16 +0000] POST /users/register 201 - 284.760 ms
[12/Dec/2023:19:54:04 +0000] POST /users/login 200 - 255.998 ms
[12/Dec/2023:19:54:57 +0000] PATCH /users/avatars 200 - 166.095 ms
[12/Dec/2023:19:56:11 +0000] PATCH /users/avatars 200 - 171.523 ms
[12/Dec/2023:19:57:29 +0000] PATCH /users/avatars 200 - 205.668 ms
[12/Dec/2023:19:58:28 +0000] PATCH /users/avatars 200 - 187.989 ms
[12/Dec/2023:20:07:22 +0000] PATCH /users/avatars 500 - 113.599 ms
[12/Dec/2023:20:07:33 +0000] PATCH /users/avatars 500 - 62.683 ms
[12/Dec/2023:20:07:48 +0000] PATCH /users/avatars 500 - 87.341 ms
[12/Dec/2023:20:08:00 +0000] PATCH /users/avatars 500 - 60.749 ms
[12/Dec/2023:20:08:15 +0000] PATCH /users/avatars 500 - 85.206 ms
[12/Dec/2023:20:08:29 +0000] PATCH /users/avatars 500 - 112.440 ms
[12/Dec/2023:20:08:39 +0000] PATCH /users/avatars 500 - 60.451 ms
[12/Dec/2023:20:08:49 +0000] PATCH /users/avatars 500 - 63.392 ms
[12/Dec/2023:20:09:20 +0000] PATCH /users/avatars 500 - 88.494 ms
[12/Dec/2023:20:09:43 +0000] PATCH /users/avatars 500 - 120.613 ms
[12/Dec/2023:20:09:51 +0000] PATCH /users/avatars 500 - 93.282 ms
[12/Dec/2023:20:09:54 +0000] PATCH /users/avatars 500 - 75.550 ms
[12/Dec/2023:20:10:02 +0000] PATCH /users/avatars 200 - 489.471 ms
[12/Dec/2023:20:10:34 +0000] PATCH /users/avatars 500 - 65.370 ms
[12/Dec/2023:20:10:48 +0000] PATCH /users/avatars 200 - 131.335 ms
[12/Dec/2023:20:11:01 +0000] PATCH /users/avatars 500 - 56.421 ms
[12/Dec/2023:20:11:20 +0000] PATCH /users/avatars 500 - 98.345 ms
[12/Dec/2023:20:11:22 +0000] PATCH /users/avatars 500 - 57.237 ms
[12/Dec/2023:20:11:31 +0000] PATCH /users/avatars 500 - 58.371 ms
[12/Dec/2023:20:11:38 +0000] PATCH /users/avatars 500 - 61.698 ms
[12/Dec/2023:20:12:08 +0000] PATCH /users/avatars 200 - 168.838 ms
[12/Dec/2023:20:12:15 +0000] PATCH /users/avatars 500 - 63.407 ms
[12/Dec/2023:20:13:10 +0000] PATCH /users/avatars 200 - 134.015 ms
[12/Dec/2023:20:13:18 +0000] PATCH /users/avatars 500 - 58.803 ms
[12/Dec/2023:20:14:11 +0000] PATCH /users/avatars 500 - 134.401 ms
[12/Dec/2023:20:18:53 +0000] PATCH /users/avatars 500 - 85.221 ms
[12/Dec/2023:20:19:01 +0000] PATCH /users/avatars 200 - 146.847 ms
[12/Dec/2023:20:32:44 +0000] PATCH /users/avatars 500 - 96.787 ms
[12/Dec/2023:20:33:40 +0000] PATCH /users/avatars 500 - 139.723 ms
[12/Dec/2023:20:34:24 +0000] PATCH /users/avatars 200 - 1113.815 ms
[12/Dec/2023:20:40:19 +0000] PATCH /users/avatars 200 - 922.286 ms
[18/Dec/2023:18:18:33 +0000] POST /users/login 401 - 362.220 ms
[18/Dec/2023:18:19:00 +0000] POST /users/register 400 - 248.560 ms
[18/Dec/2023:18:19:18 +0000] POST /users/register 400 - 182.457 ms
[18/Dec/2023:18:19:25 +0000] POST /users/register 400 - 137.050 ms
[18/Dec/2023:18:20:00 +0000] POST /users/register 400 - 163.368 ms
[18/Dec/2023:18:20:35 +0000] POST /users/register 400 - 177.043 ms
[18/Dec/2023:18:21:25 +0000] POST /users/register 400 - 192.366 ms
[18/Dec/2023:18:21:35 +0000] POST /users/register 400 - 137.374 ms
[18/Dec/2023:18:22:54 +0000] POST /users/register 500 - 301.254 ms
[18/Dec/2023:18:23:22 +0000] POST /users/register 409 - 91.487 ms
[18/Dec/2023:18:24:23 +0000] POST /users/register 201 - 1252.382 ms
[18/Dec/2023:18:27:08 +0000] POST /users/register 201 - 1010.551 ms
[18/Dec/2023:18:28:54 +0000] POST /users/register 201 - 772.126 ms
[18/Dec/2023:18:30:25 +0000] GET /users/verify/K8WuFkIyt6eJKOfehf1Ig 404 - 11.332 ms
[18/Dec/2023:18:30:25 +0000] GET /favicon.ico 404 - 1.178 ms
[18/Dec/2023:18:35:54 +0000] POST /users/login 404 - 106.824 ms
[18/Dec/2023:18:38:03 +0000] GET /users/verify/K8WuFkIyt6eJKOfehf1Ig 404 - 3.665 ms
[18/Dec/2023:18:44:31 +0000] POST /users/login 401 - 107.706 ms
[18/Dec/2023:18:49:56 +0000] GET /users/verify/K8WuFkIyt6eJKOfehf1Ig 200 - 161.657 ms
[18/Dec/2023:18:50:30 +0000] POST /users/login 200 - 282.292 ms
[18/Dec/2023:19:07:06 +0000] POST /users/verify 400 - 23.699 ms
[18/Dec/2023:19:07:29 +0000] POST /users/verify 401 - 92.762 ms
[18/Dec/2023:19:11:57 +0000] POST /users/verify 404 - 87.329 ms
[18/Dec/2023:19:12:01 +0000] POST /users/verify 400 - 81.319 ms
[18/Dec/2023:19:13:39 +0000] POST /users/verify 400 - 92.439 ms
[18/Dec/2023:19:13:43 +0000] POST /users/verify 400 - 62.754 ms
[18/Dec/2023:19:15:30 +0000] GET /users/verify/K8WuFkIyt6eJKOfehf1Ig 404 - 93.199 ms
[18/Dec/2023:19:15:58 +0000] GET /users/verify/K8WuFkIyt6eJKOfehf1Ig 404 - 64.313 ms
[18/Dec/2023:19:16:50 +0000] GET /users/verify/G798qTwqbRQkDVaZN35ER 404 - 56.841 ms
[18/Dec/2023:19:18:31 +0000] POST /users/login 401 - 79.768 ms
[18/Dec/2023:19:18:43 +0000] POST /users/register 201 - 1049.822 ms
[18/Dec/2023:19:18:56 +0000] GET /users/verify/AIc44_FL4Pdtme0EVyCvQ 200 - 150.422 ms
[18/Dec/2023:19:19:24 +0000] POST /users/login 200 - 247.945 ms
[18/Dec/2023:19:19:39 +0000] GET /users/verify/AIc44_FL4Pdtme0EVyCvQ 404 - 54.835 ms
[18/Dec/2023:19:21:28 +0000] POST /users/login 401 - 57.200 ms
[18/Dec/2023:19:21:56 +0000] POST /users/register 201 - 898.553 ms
[18/Dec/2023:19:22:12 +0000] GET /users/verify/fiV-iojcLp6yK-JWoNr1D 200 - 129.101 ms
[18/Dec/2023:19:22:27 +0000] GET /users/verify/fiV-iojcLp6yK-JWoNr1D 404 - 57.299 ms
